<?xml version="1.0" encoding="UTF-8"?>
<!-- Generated by org.testng.reporters.JUnitReportReporter -->
<testsuite hostname="GIRIJA-HARI-SURYA" failures="0" tests="2" name="com.becognizant.test.TestLogin" time="51.287" errors="0" timestamp="2023-04-14T13:19:14 IST" skipped="0">
  <testcase classname="com.becognizant.test.TestLogin" name="getProfileInfo" time="0.096"/>
  <system-out/>
  <testcase classname="com.becognizant.test.TestLogin" name="loginMicrosoft" time="51.191"/>
  <system-out/>
</testsuite> <!-- com.becognizant.test.TestLogin -->
