<?xml version="1.0" encoding="UTF-8"?>
<!-- Generated by org.testng.reporters.JUnitReportReporter -->
<testsuite hostname="GIRIJA-HARI-SURYA" failures="0" tests="4" name="com.becognizant.test.TestProject" time="135.171" errors="0" timestamp="2023-04-19T19:21:33 IST" skipped="0">
  <testcase classname="com.becognizant.test.TestProject" name="loginMicrosoft" time="65.512"/>
  <system-out/>
  <testcase classname="com.becognizant.test.TestProject" name="getProfileInfo" time="0.320"/>
  <system-out/>
  <testcase classname="com.becognizant.test.TestProject" name="readNewsData" time="69.040"/>
  <system-out/>
  <testcase classname="com.becognizant.test.TestProject" name="newsInfo" time="0.299"/>
  <system-out/>
</testsuite> <!-- com.becognizant.test.TestProject -->
