<?xml version="1.0" encoding="UTF-8"?>
<!-- Generated by org.testng.reporters.JUnitReportReporter -->
<testsuite hostname="GIRIJA-HARI-SURYA" failures="0" tests="1" name="test.Testing" time="40.111" errors="0" timestamp="2023-04-13T13:59:33 IST" skipped="0">
  <testcase classname="test.Testing" name="loginMicrosoft" time="40.111"/>
  <system-out/>
</testsuite> <!-- test.Testing -->
