<?xml version="1.0" encoding="UTF-8"?>
<!-- Generated by org.testng.reporters.JUnitReportReporter -->
<testsuite hostname="GIRIJA-HARI-SURYA" failures="0" tests="4" name="com.becognizant.test.TestProject" time="143.384" errors="0" timestamp="2023-04-21T13:31:03 IST" skipped="0">
  <testcase classname="com.becognizant.test.TestProject" name="loginMicrosoft" time="74.236"/>
  <system-out/>
  <testcase classname="com.becognizant.test.TestProject" name="getProfileInfo" time="0.445"/>
  <system-out/>
  <testcase classname="com.becognizant.test.TestProject" name="newsInfo" time="6.058"/>
  <system-out/>
  <testcase classname="com.becognizant.test.TestProject" name="readNewsData" time="62.645"/>
  <system-out/>
</testsuite> <!-- com.becognizant.test.TestProject -->
